# JRE version: OpenJDK Runtime Environment Homebrew (17.0.15) (build 17.0.15+0)
# Java VM: OpenJDK 64-Bit Server VM Homebrew (17.0.15+0, mixed mode, sharing, tiered, compressed oops, compressed class ptrs, g1 gc, bsd-aarch64)
GC Precious Log:
 CPUs: 10 total, 10 available
 Memory: 16384M
 Large Page Support: Disabled
 NUMA Support: Disabled
 Compressed Oops: Enabled (Zero based)
 Heap Region Size: 2M
 Heap Min Capacity: 8M
 Heap Initial Capacity: 256M
 Heap Max Capacity: 4G
 Pre-touch: Disabled
 Parallel Workers: 9
 Concurrent Workers: 2
 Concurrent Refinement Workers: 9
 Periodic GC: Disabled
Heap:
 garbage-first heap   total 288768K, used 105072K [0x0000000700000000, 0x0000000800000000)
  region size 2048K, 5 young (10240K), 2 survivors (4096K)
 Metaspace       used 68558K, committed 69056K, reserved 1114112K
  class space    used 8930K, committed 9152K, reserved 1048576K
GC Heap History (20 events):
Event: 1.866 GC heap before
{Heap before GC invocations=14 (full 0):
 garbage-first heap   total 122880K, used 86476K [0x0000000700000000, 0x0000000800000000)
  region size 2048K, 21 young (43008K), 4 survivors (8192K)
 Metaspace       used 49939K, committed 50368K, reserved 1114112K
  class space    used 6381K, committed 6592K, reserved 1048576K
}
Event: 1.871 GC heap after
{Heap after GC invocations=15 (full 0):
 garbage-first heap   total 122880K, used 61900K [0x0000000700000000, 0x0000000800000000)
  region size 2048K, 3 young (6144K), 3 survivors (6144K)
 Metaspace       used 49939K, committed 50368K, reserved 1114112K
  class space    used 6381K, committed 6592K, reserved 1048576K
}
Event: 1.921 GC heap before
{Heap before GC invocations=15 (full 0):
 garbage-first heap   total 122880K, used 90572K [0x0000000700000000, 0x0000000800000000)
  region size 2048K, 17 young (34816K), 3 survivors (6144K)
 Metaspace       used 50015K, committed 50432K, reserved 1114112K
  class space    used 6381K, committed 6592K, reserved 1048576K
}
Event: 1.926 GC heap after
{Heap after GC invocations=16 (full 0):
 garbage-first heap   total 122880K, used 70006K [0x0000000700000000, 0x0000000800000000)
  region size 2048K, 3 young (6144K), 3 survivors (6144K)
 Metaspace       used 50015K, committed 50432K, reserved 1114112K
  class space    used 6381K, committed 6592K, reserved 1048576K
}
Event: 1.933 GC heap before
{Heap before GC invocations=16 (full 0):
 garbage-first heap   total 122880K, used 90486K [0x0000000700000000, 0x0000000800000000)
  region size 2048K, 13 young (26624K), 3 survivors (6144K)
 Metaspace       used 50047K, committed 50496K, reserved 1114112K
  class space    used 6381K, committed 6592K, reserved 1048576K
}
Event: 1.936 GC heap after
{Heap after GC invocations=17 (full 0):
 garbage-first heap   total 245760K, used 75001K [0x0000000700000000, 0x0000000800000000)
  region size 2048K, 2 young (4096K), 2 survivors (4096K)
 Metaspace       used 50047K, committed 50496K, reserved 1114112K
  class space    used 6381K, committed 6592K, reserved 1048576K
}
Event: 2.031 GC heap before
{Heap before GC invocations=18 (full 0):
 garbage-first heap   total 245760K, used 156921K [0x0000000700000000, 0x0000000800000000)
  region size 2048K, 47 young (96256K), 2 survivors (4096K)
 Metaspace       used 50099K, committed 50560K, reserved 1114112K
  class space    used 6383K, committed 6592K, reserved 1048576K
}
Event: 2.036 GC heap after
{Heap after GC invocations=19 (full 0):
 garbage-first heap   total 245760K, used 86428K [0x0000000700000000, 0x0000000800000000)
  region size 2048K, 6 young (12288K), 6 survivors (12288K)
 Metaspace       used 50099K, committed 50560K, reserved 1114112K
  class space    used 6383K, committed 6592K, reserved 1048576K
}
Event: 2.037 GC heap before
{Heap before GC invocations=19 (full 0):
 garbage-first heap   total 245760K, used 88476K [0x0000000700000000, 0x0000000800000000)
  region size 2048K, 7 young (14336K), 6 survivors (12288K)
 Metaspace       used 50099K, committed 50560K, reserved 1114112K
  class space    used 6383K, committed 6592K, reserved 1048576K
}
Event: 2.039 GC heap after
{Heap after GC invocations=20 (full 0):
 garbage-first heap   total 245760K, used 85577K [0x0000000700000000, 0x0000000800000000)
  region size 2048K, 1 young (2048K), 1 survivors (2048K)
 Metaspace       used 50099K, committed 50560K, reserved 1114112K
  class space    used 6383K, committed 6592K, reserved 1048576K
}
Event: 2.213 GC heap before
{Heap before GC invocations=20 (full 0):
 garbage-first heap   total 245760K, used 159305K [0x0000000700000000, 0x0000000800000000)
  region size 2048K, 38 young (77824K), 1 survivors (2048K)
 Metaspace       used 52830K, committed 53312K, reserved 1114112K
  class space    used 6768K, committed 6976K, reserved 1048576K
}
Event: 2.219 GC heap after
{Heap after GC invocations=21 (full 0):
 garbage-first heap   total 245760K, used 99227K [0x0000000700000000, 0x0000000800000000)
  region size 2048K, 5 young (10240K), 5 survivors (10240K)
 Metaspace       used 52830K, committed 53312K, reserved 1114112K
  class space    used 6768K, committed 6976K, reserved 1048576K
}
Event: 2.771 GC heap before
{Heap before GC invocations=21 (full 0):
 garbage-first heap   total 245760K, used 168859K [0x0000000700000000, 0x0000000800000000)
  region size 2048K, 39 young (79872K), 5 survivors (10240K)
 Metaspace       used 63938K, committed 64384K, reserved 1114112K
  class space    used 8386K, committed 8576K, reserved 1048576K
}
Event: 2.775 GC heap after
{Heap after GC invocations=22 (full 0):
 garbage-first heap   total 245760K, used 105160K [0x0000000700000000, 0x0000000800000000)
  region size 2048K, 3 young (6144K), 3 survivors (6144K)
 Metaspace       used 63938K, committed 64384K, reserved 1114112K
  class space    used 8386K, committed 8576K, reserved 1048576K
}
Event: 53.816 GC heap before
{Heap before GC invocations=22 (full 0):
 garbage-first heap   total 245760K, used 137928K [0x0000000700000000, 0x0000000800000000)
  region size 2048K, 18 young (36864K), 3 survivors (6144K)
 Metaspace       used 68272K, committed 68736K, reserved 1114112K
  class space    used 8881K, committed 9088K, reserved 1048576K
}
Event: 53.819 GC heap after
{Heap after GC invocations=23 (full 0):
 garbage-first heap   total 245760K, used 107036K [0x0000000700000000, 0x0000000800000000)
  region size 2048K, 4 young (8192K), 4 survivors (8192K)
 Metaspace       used 68272K, committed 68736K, reserved 1114112K
  class space    used 8881K, committed 9088K, reserved 1048576K
}
Event: 53.831 GC heap before
{Heap before GC invocations=23 (full 0):
 garbage-first heap   total 245760K, used 113180K [0x0000000700000000, 0x0000000800000000)
  region size 2048K, 4 young (8192K), 4 survivors (8192K)
 Metaspace       used 68272K, committed 68736K, reserved 1114112K
  class space    used 8881K, committed 9088K, reserved 1048576K
}
Event: 53.833 GC heap after
{Heap after GC invocations=24 (full 0):
 garbage-first heap   total 245760K, used 110952K [0x0000000700000000, 0x0000000800000000)
  region size 2048K, 1 young (2048K), 1 survivors (2048K)
 Metaspace       used 68272K, committed 68736K, reserved 1114112K
  class space    used 8881K, committed 9088K, reserved 1048576K
}
Event: 54.172 GC heap before
{Heap before GC invocations=25 (full 0):
 garbage-first heap   total 288768K, used 276840K [0x0000000700000000, 0x0000000800000000)
  region size 2048K, 3 young (6144K), 1 survivors (2048K)
 Metaspace       used 68299K, committed 68864K, reserved 1114112K
  class space    used 8885K, committed 9152K, reserved 1048576K
}
Event: 54.173 GC heap after
{Heap after GC invocations=26 (full 0):
 garbage-first heap   total 288768K, used 98928K [0x0000000700000000, 0x0000000800000000)
  region size 2048K, 2 young (4096K), 2 survivors (4096K)
 Metaspace       used 68299K, committed 68864K, reserved 1114112K
  class space    used 8885K, committed 9152K, reserved 1048576K
}

